<?xml version="1.0" encoding="UTF-8"?>
<testsuite xmlns:xsi="http://www.w3.org/2001/XMLSchema-instance" xsi:noNamespaceSchemaLocation="https://maven.apache.org/surefire/maven-surefire-plugin/xsd/surefire-test-report.xsd" name="com.example.AppTest" time="0.032" tests="1" errors="0" skipped="0" failures="0">
  <properties>
    <property name="java.specification.version" value="17"/>
    <property name="sun.cpu.isalist" value="amd64"/>
    <property name="sun.jnu.encoding" value="GBK"/>
    <property name="java.class.path" value="c:\Users\DELL\Documents\GitProject\BigDataStudyBook\demo02\demo2\target\test-classes;c:\Users\DELL\Documents\GitProject\BigDataStudyBook\demo02\demo2\target\classes;C:\Users\DELL\.m2\repository\junit\junit\4.11\junit-4.11.jar;C:\Users\DELL\.m2\repository\org\hamcrest\hamcrest-core\1.3\hamcrest-core-1.3.jar;C:\Users\DELL\.m2\repository\org\apache\hadoop\hadoop-hdfs\3.3.4\hadoop-hdfs-3.3.4.jar;C:\Users\DELL\.m2\repository\org\apache\hadoop\thirdparty\hadoop-shaded-guava\1.1.1\hadoop-shaded-guava-1.1.1.jar;C:\Users\DELL\.m2\repository\org\eclipse\jetty\jetty-server\9.4.43.v20210629\jetty-server-9.4.43.v20210629.jar;C:\Users\DELL\.m2\repository\org\eclipse\jetty\jetty-http\9.4.43.v20210629\jetty-http-9.4.43.v20210629.jar;C:\Users\DELL\.m2\repository\org\eclipse\jetty\jetty-io\9.4.43.v20210629\jetty-io-9.4.43.v20210629.jar;C:\Users\DELL\.m2\repository\org\eclipse\jetty\jetty-util\9.4.43.v20210629\jetty-util-9.4.43.v20210629.jar;C:\Users\DELL\.m2\repository\org\eclipse\jetty\jetty-util-ajax\9.4.43.v20210629\jetty-util-ajax-9.4.43.v20210629.jar;C:\Users\DELL\.m2\repository\com\sun\jersey\jersey-core\1.19\jersey-core-1.19.jar;C:\Users\DELL\.m2\repository\javax\ws\rs\jsr311-api\1.1.1\jsr311-api-1.1.1.jar;C:\Users\DELL\.m2\repository\com\sun\jersey\jersey-server\1.19\jersey-server-1.19.jar;C:\Users\DELL\.m2\repository\commons-cli\commons-cli\1.2\commons-cli-1.2.jar;C:\Users\DELL\.m2\repository\commons-codec\commons-codec\1.15\commons-codec-1.15.jar;C:\Users\DELL\.m2\repository\commons-io\commons-io\2.8.0\commons-io-2.8.0.jar;C:\Users\DELL\.m2\repository\commons-logging\commons-logging\1.1.3\commons-logging-1.1.3.jar;C:\Users\DELL\.m2\repository\commons-daemon\commons-daemon\1.0.13\commons-daemon-1.0.13.jar;C:\Users\DELL\.m2\repository\ch\qos\reload4j\reload4j\1.2.22\reload4j-1.2.22.jar;C:\Users\DELL\.m2\repository\com\google\protobuf\protobuf-java\2.5.0\protobuf-java-2.5.0.jar;C:\Users\DELL\.m2\repository\javax\servlet\javax.servlet-api\3.1.0\javax.servlet-api-3.1.0.jar;C:\Users\DELL\.m2\repository\io\netty\netty\3.10.6.Final\netty-3.10.6.Final.jar;C:\Users\DELL\.m2\repository\io\netty\netty-all\4.1.77.Final\netty-all-4.1.77.Final.jar;C:\Users\DELL\.m2\repository\io\netty\netty-buffer\4.1.77.Final\netty-buffer-4.1.77.Final.jar;C:\Users\DELL\.m2\repository\io\netty\netty-codec\4.1.77.Final\netty-codec-4.1.77.Final.jar;C:\Users\DELL\.m2\repository\io\netty\netty-codec-dns\4.1.77.Final\netty-codec-dns-4.1.77.Final.jar;C:\Users\DELL\.m2\repository\io\netty\netty-codec-haproxy\4.1.77.Final\netty-codec-haproxy-4.1.77.Final.jar;C:\Users\DELL\.m2\repository\io\netty\netty-codec-http\4.1.77.Final\netty-codec-http-4.1.77.Final.jar;C:\Users\DELL\.m2\repository\io\netty\netty-codec-http2\4.1.77.Final\netty-codec-http2-4.1.77.Final.jar;C:\Users\DELL\.m2\repository\io\netty\netty-codec-memcache\4.1.77.Final\netty-codec-memcache-4.1.77.Final.jar;C:\Users\DELL\.m2\repository\io\netty\netty-codec-mqtt\4.1.77.Final\netty-codec-mqtt-4.1.77.Final.jar;C:\Users\DELL\.m2\repository\io\netty\netty-codec-redis\4.1.77.Final\netty-codec-redis-4.1.77.Final.jar;C:\Users\DELL\.m2\repository\io\netty\netty-codec-smtp\4.1.77.Final\netty-codec-smtp-4.1.77.Final.jar;C:\Users\DELL\.m2\repository\io\netty\netty-codec-socks\4.1.77.Final\netty-codec-socks-4.1.77.Final.jar;C:\Users\DELL\.m2\repository\io\netty\netty-codec-stomp\4.1.77.Final\netty-codec-stomp-4.1.77.Final.jar;C:\Users\DELL\.m2\repository\io\netty\netty-codec-xml\4.1.77.Final\netty-codec-xml-4.1.77.Final.jar;C:\Users\DELL\.m2\repository\io\netty\netty-common\4.1.77.Final\netty-common-4.1.77.Final.jar;C:\Users\DELL\.m2\repository\io\netty\netty-handler\4.1.77.Final\netty-handler-4.1.77.Final.jar;C:\Users\DELL\.m2\repository\io\netty\netty-handler-proxy\4.1.77.Final\netty-handler-proxy-4.1.77.Final.jar;C:\Users\DELL\.m2\repository\io\netty\netty-resolver\4.1.77.Final\netty-resolver-4.1.77.Final.jar;C:\Users\DELL\.m2\repository\io\netty\netty-resolver-dns\4.1.77.Final\netty-resolver-dns-4.1.77.Final.jar;C:\Users\DELL\.m2\repository\io\netty\netty-transport\4.1.77.Final\netty-transport-4.1.77.Final.jar;C:\Users\DELL\.m2\repository\io\netty\netty-transport-rxtx\4.1.77.Final\netty-transport-rxtx-4.1.77.Final.jar;C:\Users\DELL\.m2\repository\io\netty\netty-transport-sctp\4.1.77.Final\netty-transport-sctp-4.1.77.Final.jar;C:\Users\DELL\.m2\repository\io\netty\netty-transport-udt\4.1.77.Final\netty-transport-udt-4.1.77.Final.jar;C:\Users\DELL\.m2\repository\io\netty\netty-transport-classes-epoll\4.1.77.Final\netty-transport-classes-epoll-4.1.77.Final.jar;C:\Users\DELL\.m2\repository\io\netty\netty-transport-native-unix-common\4.1.77.Final\netty-transport-native-unix-common-4.1.77.Final.jar;C:\Users\DELL\.m2\repository\io\netty\netty-transport-classes-kqueue\4.1.77.Final\netty-transport-classes-kqueue-4.1.77.Final.jar;C:\Users\DELL\.m2\repository\io\netty\netty-resolver-dns-classes-macos\4.1.77.Final\netty-resolver-dns-classes-macos-4.1.77.Final.jar;C:\Users\DELL\.m2\repository\io\netty\netty-transport-native-epoll\4.1.77.Final\netty-transport-native-epoll-4.1.77.Final-linux-x86_64.jar;C:\Users\DELL\.m2\repository\io\netty\netty-transport-native-epoll\4.1.77.Final\netty-transport-native-epoll-4.1.77.Final-linux-aarch_64.jar;C:\Users\DELL\.m2\repository\io\netty\netty-transport-native-kqueue\4.1.77.Final\netty-transport-native-kqueue-4.1.77.Final-osx-x86_64.jar;C:\Users\DELL\.m2\repository\io\netty\netty-transport-native-kqueue\4.1.77.Final\netty-transport-native-kqueue-4.1.77.Final-osx-aarch_64.jar;C:\Users\DELL\.m2\repository\io\netty\netty-resolver-dns-native-macos\4.1.77.Final\netty-resolver-dns-native-macos-4.1.77.Final-osx-x86_64.jar;C:\Users\DELL\.m2\repository\io\netty\netty-resolver-dns-native-macos\4.1.77.Final\netty-resolver-dns-native-macos-4.1.77.Final-osx-aarch_64.jar;C:\Users\DELL\.m2\repository\org\fusesource\leveldbjni\leveldbjni-all\1.8\leveldbjni-all-1.8.jar;C:\Users\DELL\.m2\repository\com\fasterxml\jackson\core\jackson-databind\2.12.7\jackson-databind-2.12.7.jar;C:\Users\DELL\.m2\repository\com\fasterxml\jackson\core\jackson-annotations\2.12.7\jackson-annotations-2.12.7.jar;C:\Users\DELL\.m2\repository\com\fasterxml\jackson\core\jackson-core\2.12.7\jackson-core-2.12.7.jar;C:\Users\DELL\.m2\repository\org\apache\hadoop\hadoop-common\3.3.4\hadoop-common-3.3.4.jar;C:\Users\DELL\.m2\repository\org\apache\hadoop\thirdparty\hadoop-shaded-protobuf_3_7\1.1.1\hadoop-shaded-protobuf_3_7-1.1.1.jar;C:\Users\DELL\.m2\repository\org\apache\hadoop\hadoop-annotations\3.3.4\hadoop-annotations-3.3.4.jar;C:\Users\DELL\.m2\repository\com\google\guava\guava\27.0-jre\guava-27.0-jre.jar;C:\Users\DELL\.m2\repository\com\google\guava\failureaccess\1.0\failureaccess-1.0.jar;C:\Users\DELL\.m2\repository\com\google\guava\listenablefuture\9999.0-empty-to-avoid-conflict-with-guava\listenablefuture-9999.0-empty-to-avoid-conflict-with-guava.jar;C:\Users\DELL\.m2\repository\org\checkerframework\checker-qual\2.5.2\checker-qual-2.5.2.jar;C:\Users\DELL\.m2\repository\com\google\j2objc\j2objc-annotations\1.1\j2objc-annotations-1.1.jar;C:\Users\DELL\.m2\repository\org\codehaus\mojo\animal-sniffer-annotations\1.17\animal-sniffer-annotations-1.17.jar;C:\Users\DELL\.m2\repository\org\apache\commons\commons-math3\3.1.1\commons-math3-3.1.1.jar;C:\Users\DELL\.m2\repository\org\apache\httpcomponents\httpclient\4.5.13\httpclient-4.5.13.jar;C:\Users\DELL\.m2\repository\org\apache\httpcomponents\httpcore\4.4.13\httpcore-4.4.13.jar;C:\Users\DELL\.m2\repository\commons-net\commons-net\3.6\commons-net-3.6.jar;C:\Users\DELL\.m2\repository\commons-collections\commons-collections\3.2.2\commons-collections-3.2.2.jar;C:\Users\DELL\.m2\repository\jakarta\activation\jakarta.activation-api\1.2.1\jakarta.activation-api-1.2.1.jar;C:\Users\DELL\.m2\repository\org\eclipse\jetty\jetty-servlet\9.4.43.v20210629\jetty-servlet-9.4.43.v20210629.jar;C:\Users\DELL\.m2\repository\org\eclipse\jetty\jetty-security\9.4.43.v20210629\jetty-security-9.4.43.v20210629.jar;C:\Users\DELL\.m2\repository\org\eclipse\jetty\jetty-webapp\9.4.43.v20210629\jetty-webapp-9.4.43.v20210629.jar;C:\Users\DELL\.m2\repository\org\eclipse\jetty\jetty-xml\9.4.43.v20210629\jetty-xml-9.4.43.v20210629.jar;C:\Users\DELL\.m2\repository\javax\servlet\jsp\jsp-api\2.1\jsp-api-2.1.jar;C:\Users\DELL\.m2\repository\com\sun\jersey\jersey-servlet\1.19\jersey-servlet-1.19.jar;C:\Users\DELL\.m2\repository\com\sun\jersey\jersey-json\1.19\jersey-json-1.19.jar;C:\Users\DELL\.m2\repository\org\codehaus\jettison\jettison\1.1\jettison-1.1.jar;C:\Users\DELL\.m2\repository\com\sun\xml\bind\jaxb-impl\2.2.3-1\jaxb-impl-2.2.3-1.jar;C:\Users\DELL\.m2\repository\org\codehaus\jackson\jackson-core-asl\1.9.2\jackson-core-asl-1.9.2.jar;C:\Users\DELL\.m2\repository\org\codehaus\jackson\jackson-mapper-asl\1.9.2\jackson-mapper-asl-1.9.2.jar;C:\Users\DELL\.m2\repository\org\codehaus\jackson\jackson-jaxrs\1.9.2\jackson-jaxrs-1.9.2.jar;C:\Users\DELL\.m2\repository\org\codehaus\jackson\jackson-xc\1.9.2\jackson-xc-1.9.2.jar;C:\Users\DELL\.m2\repository\commons-beanutils\commons-beanutils\1.9.4\commons-beanutils-1.9.4.jar;C:\Users\DELL\.m2\repository\org\apache\commons\commons-configuration2\2.1.1\commons-configuration2-2.1.1.jar;C:\Users\DELL\.m2\repository\org\apache\commons\commons-lang3\3.12.0\commons-lang3-3.12.0.jar;C:\Users\DELL\.m2\repository\org\apache\commons\commons-text\1.4\commons-text-1.4.jar;C:\Users\DELL\.m2\repository\org\slf4j\slf4j-api\1.7.36\slf4j-api-1.7.36.jar;C:\Users\DELL\.m2\repository\org\slf4j\slf4j-reload4j\1.7.36\slf4j-reload4j-1.7.36.jar;C:\Users\DELL\.m2\repository\org\apache\avro\avro\1.7.7\avro-1.7.7.jar;C:\Users\DELL\.m2\repository\com\thoughtworks\paranamer\paranamer\2.3\paranamer-2.3.jar;C:\Users\DELL\.m2\repository\com\google\re2j\re2j\1.1\re2j-1.1.jar;C:\Users\DELL\.m2\repository\com\google\code\gson\gson\2.8.9\gson-2.8.9.jar;C:\Users\DELL\.m2\repository\org\apache\hadoop\hadoop-auth\3.3.4\hadoop-auth-3.3.4.jar;C:\Users\DELL\.m2\repository\com\nimbusds\nimbus-jose-jwt\9.8.1\nimbus-jose-jwt-9.8.1.jar;C:\Users\DELL\.m2\repository\com\github\stephenc\jcip\jcip-annotations\1.0-1\jcip-annotations-1.0-1.jar;C:\Users\DELL\.m2\repository\net\minidev\json-smart\2.4.7\json-smart-2.4.7.jar;C:\Users\DELL\.m2\repository\net\minidev\accessors-smart\2.4.7\accessors-smart-2.4.7.jar;C:\Users\DELL\.m2\repository\org\ow2\asm\asm\9.1\asm-9.1.jar;C:\Users\DELL\.m2\repository\org\apache\curator\curator-framework\4.2.0\curator-framework-4.2.0.jar;C:\Users\DELL\.m2\repository\org\apache\kerby\kerb-simplekdc\1.0.1\kerb-simplekdc-1.0.1.jar;C:\Users\DELL\.m2\repository\org\apache\kerby\kerb-client\1.0.1\kerb-client-1.0.1.jar;C:\Users\DELL\.m2\repository\org\apache\kerby\kerby-config\1.0.1\kerby-config-1.0.1.jar;C:\Users\DELL\.m2\repository\org\apache\kerby\kerb-common\1.0.1\kerb-common-1.0.1.jar;C:\Users\DELL\.m2\repository\org\apache\kerby\kerb-crypto\1.0.1\kerb-crypto-1.0.1.jar;C:\Users\DELL\.m2\repository\org\apache\kerby\kerb-util\1.0.1\kerb-util-1.0.1.jar;C:\Users\DELL\.m2\repository\org\apache\kerby\token-provider\1.0.1\token-provider-1.0.1.jar;C:\Users\DELL\.m2\repository\org\apache\kerby\kerb-admin\1.0.1\kerb-admin-1.0.1.jar;C:\Users\DELL\.m2\repository\org\apache\kerby\kerb-server\1.0.1\kerb-server-1.0.1.jar;C:\Users\DELL\.m2\repository\org\apache\kerby\kerb-identity\1.0.1\kerb-identity-1.0.1.jar;C:\Users\DELL\.m2\repository\org\apache\kerby\kerby-xdr\1.0.1\kerby-xdr-1.0.1.jar;C:\Users\DELL\.m2\repository\com\jcraft\jsch\0.1.55\jsch-0.1.55.jar;C:\Users\DELL\.m2\repository\org\apache\curator\curator-client\4.2.0\curator-client-4.2.0.jar;C:\Users\DELL\.m2\repository\org\apache\curator\curator-recipes\4.2.0\curator-recipes-4.2.0.jar;C:\Users\DELL\.m2\repository\com\google\code\findbugs\jsr305\3.0.2\jsr305-3.0.2.jar;C:\Users\DELL\.m2\repository\org\apache\zookeeper\zookeeper\3.5.6\zookeeper-3.5.6.jar;C:\Users\DELL\.m2\repository\org\apache\zookeeper\zookeeper-jute\3.5.6\zookeeper-jute-3.5.6.jar;C:\Users\DELL\.m2\repository\org\apache\yetus\audience-annotations\0.5.0\audience-annotations-0.5.0.jar;C:\Users\DELL\.m2\repository\io\netty\netty-transport-native-epoll\4.1.42.Final\netty-transport-native-epoll-4.1.42.Final.jar;C:\Users\DELL\.m2\repository\org\slf4j\slf4j-log4j12\1.7.25\slf4j-log4j12-1.7.25.jar;C:\Users\DELL\.m2\repository\log4j\log4j\1.2.17\log4j-1.2.17.jar;C:\Users\DELL\.m2\repository\org\apache\commons\commons-compress\1.21\commons-compress-1.21.jar;C:\Users\DELL\.m2\repository\org\apache\kerby\kerb-core\1.0.1\kerb-core-1.0.1.jar;C:\Users\DELL\.m2\repository\org\apache\kerby\kerby-pkix\1.0.1\kerby-pkix-1.0.1.jar;C:\Users\DELL\.m2\repository\org\apache\kerby\kerby-asn1\1.0.1\kerby-asn1-1.0.1.jar;C:\Users\DELL\.m2\repository\org\apache\kerby\kerby-util\1.0.1\kerby-util-1.0.1.jar;C:\Users\DELL\.m2\repository\org\codehaus\woodstox\stax2-api\4.2.1\stax2-api-4.2.1.jar;C:\Users\DELL\.m2\repository\com\fasterxml\woodstox\woodstox-core\5.3.0\woodstox-core-5.3.0.jar;C:\Users\DELL\.m2\repository\dnsjava\dnsjava\2.1.7\dnsjava-2.1.7.jar;C:\Users\DELL\.m2\repository\org\xerial\snappy\snappy-java\1.1.8.2\snappy-java-1.1.8.2.jar;C:\Users\DELL\.m2\repository\org\apache\hadoop\hadoop-client\3.3.4\hadoop-client-3.3.4.jar;C:\Users\DELL\.m2\repository\org\apache\hadoop\hadoop-hdfs-client\3.3.4\hadoop-hdfs-client-3.3.4.jar;C:\Users\DELL\.m2\repository\org\apache\hadoop\hadoop-yarn-api\3.3.4\hadoop-yarn-api-3.3.4.jar;C:\Users\DELL\.m2\repository\javax\xml\bind\jaxb-api\2.2.11\jaxb-api-2.2.11.jar;C:\Users\DELL\.m2\repository\org\apache\hadoop\hadoop-yarn-client\3.3.4\hadoop-yarn-client-3.3.4.jar;C:\Users\DELL\.m2\repository\org\eclipse\jetty\websocket\websocket-client\9.4.43.v20210629\websocket-client-9.4.43.v20210629.jar;C:\Users\DELL\.m2\repository\org\eclipse\jetty\jetty-client\9.4.43.v20210629\jetty-client-9.4.43.v20210629.jar;C:\Users\DELL\.m2\repository\org\eclipse\jetty\websocket\websocket-common\9.4.43.v20210629\websocket-common-9.4.43.v20210629.jar;C:\Users\DELL\.m2\repository\org\eclipse\jetty\websocket\websocket-api\9.4.43.v20210629\websocket-api-9.4.43.v20210629.jar;C:\Users\DELL\.m2\repository\org\jline\jline\3.9.0\jline-3.9.0.jar;C:\Users\DELL\.m2\repository\org\apache\hadoop\hadoop-mapreduce-client-core\3.3.4\hadoop-mapreduce-client-core-3.3.4.jar;C:\Users\DELL\.m2\repository\org\apache\hadoop\hadoop-yarn-common\3.3.4\hadoop-yarn-common-3.3.4.jar;C:\Users\DELL\.m2\repository\com\sun\jersey\jersey-client\1.19\jersey-client-1.19.jar;C:\Users\DELL\.m2\repository\com\fasterxml\jackson\module\jackson-module-jaxb-annotations\2.12.7\jackson-module-jaxb-annotations-2.12.7.jar;C:\Users\DELL\.m2\repository\jakarta\xml\bind\jakarta.xml.bind-api\2.3.2\jakarta.xml.bind-api-2.3.2.jar;C:\Users\DELL\.m2\repository\com\fasterxml\jackson\jaxrs\jackson-jaxrs-json-provider\2.12.7\jackson-jaxrs-json-provider-2.12.7.jar;C:\Users\DELL\.m2\repository\com\fasterxml\jackson\jaxrs\jackson-jaxrs-base\2.12.7\jackson-jaxrs-base-2.12.7.jar;C:\Users\DELL\.m2\repository\org\apache\hadoop\hadoop-mapreduce-client-jobclient\3.3.4\hadoop-mapreduce-client-jobclient-3.3.4.jar;C:\Users\DELL\.m2\repository\org\apache\hadoop\hadoop-mapreduce-client-common\3.3.4\hadoop-mapreduce-client-common-3.3.4.jar;"/>
    <property name="java.vm.vendor" value="Oracle Corporation"/>
    <property name="sun.arch.data.model" value="64"/>
    <property name="user.variant" value=""/>
    <property name="java.vendor.url" value="https://java.oracle.com/"/>
    <property name="user.timezone" value="Asia/Shanghai"/>
    <property name="os.name" value="Windows 11"/>
    <property name="java.vm.specification.version" value="17"/>
    <property name="sun.java.launcher" value="SUN_STANDARD"/>
    <property name="user.country" value="CN"/>
    <property name="sun.boot.library.path" value="C:\Program Files\Java\jdk-17.0.5\bin"/>
    <property name="sun.java.command" value="C:\Users\DELL\AppData\Local\Temp\surefire2542866368348510074\surefirebooter1244818826530341104.jar C:\Users\DELL\AppData\Local\Temp\surefire2542866368348510074 2023-03-25T21-46-07_382-jvmRun1 surefire15853683171842960044tmp surefire_011682084858022715719tmp"/>
    <property name="jdk.debug" value="release"/>
    <property name="surefire.test.class.path" value="c:\Users\DELL\Documents\GitProject\BigDataStudyBook\demo02\demo2\target\test-classes;c:\Users\DELL\Documents\GitProject\BigDataStudyBook\demo02\demo2\target\classes;C:\Users\DELL\.m2\repository\junit\junit\4.11\junit-4.11.jar;C:\Users\DELL\.m2\repository\org\hamcrest\hamcrest-core\1.3\hamcrest-core-1.3.jar;C:\Users\DELL\.m2\repository\org\apache\hadoop\hadoop-hdfs\3.3.4\hadoop-hdfs-3.3.4.jar;C:\Users\DELL\.m2\repository\org\apache\hadoop\thirdparty\hadoop-shaded-guava\1.1.1\hadoop-shaded-guava-1.1.1.jar;C:\Users\DELL\.m2\repository\org\eclipse\jetty\jetty-server\9.4.43.v20210629\jetty-server-9.4.43.v20210629.jar;C:\Users\DELL\.m2\repository\org\eclipse\jetty\jetty-http\9.4.43.v20210629\jetty-http-9.4.43.v20210629.jar;C:\Users\DELL\.m2\repository\org\eclipse\jetty\jetty-io\9.4.43.v20210629\jetty-io-9.4.43.v20210629.jar;C:\Users\DELL\.m2\repository\org\eclipse\jetty\jetty-util\9.4.43.v20210629\jetty-util-9.4.43.v20210629.jar;C:\Users\DELL\.m2\repository\org\eclipse\jetty\jetty-util-ajax\9.4.43.v20210629\jetty-util-ajax-9.4.43.v20210629.jar;C:\Users\DELL\.m2\repository\com\sun\jersey\jersey-core\1.19\jersey-core-1.19.jar;C:\Users\DELL\.m2\repository\javax\ws\rs\jsr311-api\1.1.1\jsr311-api-1.1.1.jar;C:\Users\DELL\.m2\repository\com\sun\jersey\jersey-server\1.19\jersey-server-1.19.jar;C:\Users\DELL\.m2\repository\commons-cli\commons-cli\1.2\commons-cli-1.2.jar;C:\Users\DELL\.m2\repository\commons-codec\commons-codec\1.15\commons-codec-1.15.jar;C:\Users\DELL\.m2\repository\commons-io\commons-io\2.8.0\commons-io-2.8.0.jar;C:\Users\DELL\.m2\repository\commons-logging\commons-logging\1.1.3\commons-logging-1.1.3.jar;C:\Users\DELL\.m2\repository\commons-daemon\commons-daemon\1.0.13\commons-daemon-1.0.13.jar;C:\Users\DELL\.m2\repository\ch\qos\reload4j\reload4j\1.2.22\reload4j-1.2.22.jar;C:\Users\DELL\.m2\repository\com\google\protobuf\protobuf-java\2.5.0\protobuf-java-2.5.0.jar;C:\Users\DELL\.m2\repository\javax\servlet\javax.servlet-api\3.1.0\javax.servlet-api-3.1.0.jar;C:\Users\DELL\.m2\repository\io\netty\netty\3.10.6.Final\netty-3.10.6.Final.jar;C:\Users\DELL\.m2\repository\io\netty\netty-all\4.1.77.Final\netty-all-4.1.77.Final.jar;C:\Users\DELL\.m2\repository\io\netty\netty-buffer\4.1.77.Final\netty-buffer-4.1.77.Final.jar;C:\Users\DELL\.m2\repository\io\netty\netty-codec\4.1.77.Final\netty-codec-4.1.77.Final.jar;C:\Users\DELL\.m2\repository\io\netty\netty-codec-dns\4.1.77.Final\netty-codec-dns-4.1.77.Final.jar;C:\Users\DELL\.m2\repository\io\netty\netty-codec-haproxy\4.1.77.Final\netty-codec-haproxy-4.1.77.Final.jar;C:\Users\DELL\.m2\repository\io\netty\netty-codec-http\4.1.77.Final\netty-codec-http-4.1.77.Final.jar;C:\Users\DELL\.m2\repository\io\netty\netty-codec-http2\4.1.77.Final\netty-codec-http2-4.1.77.Final.jar;C:\Users\DELL\.m2\repository\io\netty\netty-codec-memcache\4.1.77.Final\netty-codec-memcache-4.1.77.Final.jar;C:\Users\DELL\.m2\repository\io\netty\netty-codec-mqtt\4.1.77.Final\netty-codec-mqtt-4.1.77.Final.jar;C:\Users\DELL\.m2\repository\io\netty\netty-codec-redis\4.1.77.Final\netty-codec-redis-4.1.77.Final.jar;C:\Users\DELL\.m2\repository\io\netty\netty-codec-smtp\4.1.77.Final\netty-codec-smtp-4.1.77.Final.jar;C:\Users\DELL\.m2\repository\io\netty\netty-codec-socks\4.1.77.Final\netty-codec-socks-4.1.77.Final.jar;C:\Users\DELL\.m2\repository\io\netty\netty-codec-stomp\4.1.77.Final\netty-codec-stomp-4.1.77.Final.jar;C:\Users\DELL\.m2\repository\io\netty\netty-codec-xml\4.1.77.Final\netty-codec-xml-4.1.77.Final.jar;C:\Users\DELL\.m2\repository\io\netty\netty-common\4.1.77.Final\netty-common-4.1.77.Final.jar;C:\Users\DELL\.m2\repository\io\netty\netty-handler\4.1.77.Final\netty-handler-4.1.77.Final.jar;C:\Users\DELL\.m2\repository\io\netty\netty-handler-proxy\4.1.77.Final\netty-handler-proxy-4.1.77.Final.jar;C:\Users\DELL\.m2\repository\io\netty\netty-resolver\4.1.77.Final\netty-resolver-4.1.77.Final.jar;C:\Users\DELL\.m2\repository\io\netty\netty-resolver-dns\4.1.77.Final\netty-resolver-dns-4.1.77.Final.jar;C:\Users\DELL\.m2\repository\io\netty\netty-transport\4.1.77.Final\netty-transport-4.1.77.Final.jar;C:\Users\DELL\.m2\repository\io\netty\netty-transport-rxtx\4.1.77.Final\netty-transport-rxtx-4.1.77.Final.jar;C:\Users\DELL\.m2\repository\io\netty\netty-transport-sctp\4.1.77.Final\netty-transport-sctp-4.1.77.Final.jar;C:\Users\DELL\.m2\repository\io\netty\netty-transport-udt\4.1.77.Final\netty-transport-udt-4.1.77.Final.jar;C:\Users\DELL\.m2\repository\io\netty\netty-transport-classes-epoll\4.1.77.Final\netty-transport-classes-epoll-4.1.77.Final.jar;C:\Users\DELL\.m2\repository\io\netty\netty-transport-native-unix-common\4.1.77.Final\netty-transport-native-unix-common-4.1.77.Final.jar;C:\Users\DELL\.m2\repository\io\netty\netty-transport-classes-kqueue\4.1.77.Final\netty-transport-classes-kqueue-4.1.77.Final.jar;C:\Users\DELL\.m2\repository\io\netty\netty-resolver-dns-classes-macos\4.1.77.Final\netty-resolver-dns-classes-macos-4.1.77.Final.jar;C:\Users\DELL\.m2\repository\io\netty\netty-transport-native-epoll\4.1.77.Final\netty-transport-native-epoll-4.1.77.Final-linux-x86_64.jar;C:\Users\DELL\.m2\repository\io\netty\netty-transport-native-epoll\4.1.77.Final\netty-transport-native-epoll-4.1.77.Final-linux-aarch_64.jar;C:\Users\DELL\.m2\repository\io\netty\netty-transport-native-kqueue\4.1.77.Final\netty-transport-native-kqueue-4.1.77.Final-osx-x86_64.jar;C:\Users\DELL\.m2\repository\io\netty\netty-transport-native-kqueue\4.1.77.Final\netty-transport-native-kqueue-4.1.77.Final-osx-aarch_64.jar;C:\Users\DELL\.m2\repository\io\netty\netty-resolver-dns-native-macos\4.1.77.Final\netty-resolver-dns-native-macos-4.1.77.Final-osx-x86_64.jar;C:\Users\DELL\.m2\repository\io\netty\netty-resolver-dns-native-macos\4.1.77.Final\netty-resolver-dns-native-macos-4.1.77.Final-osx-aarch_64.jar;C:\Users\DELL\.m2\repository\org\fusesource\leveldbjni\leveldbjni-all\1.8\leveldbjni-all-1.8.jar;C:\Users\DELL\.m2\repository\com\fasterxml\jackson\core\jackson-databind\2.12.7\jackson-databind-2.12.7.jar;C:\Users\DELL\.m2\repository\com\fasterxml\jackson\core\jackson-annotations\2.12.7\jackson-annotations-2.12.7.jar;C:\Users\DELL\.m2\repository\com\fasterxml\jackson\core\jackson-core\2.12.7\jackson-core-2.12.7.jar;C:\Users\DELL\.m2\repository\org\apache\hadoop\hadoop-common\3.3.4\hadoop-common-3.3.4.jar;C:\Users\DELL\.m2\repository\org\apache\hadoop\thirdparty\hadoop-shaded-protobuf_3_7\1.1.1\hadoop-shaded-protobuf_3_7-1.1.1.jar;C:\Users\DELL\.m2\repository\org\apache\hadoop\hadoop-annotations\3.3.4\hadoop-annotations-3.3.4.jar;C:\Users\DELL\.m2\repository\com\google\guava\guava\27.0-jre\guava-27.0-jre.jar;C:\Users\DELL\.m2\repository\com\google\guava\failureaccess\1.0\failureaccess-1.0.jar;C:\Users\DELL\.m2\repository\com\google\guava\listenablefuture\9999.0-empty-to-avoid-conflict-with-guava\listenablefuture-9999.0-empty-to-avoid-conflict-with-guava.jar;C:\Users\DELL\.m2\repository\org\checkerframework\checker-qual\2.5.2\checker-qual-2.5.2.jar;C:\Users\DELL\.m2\repository\com\google\j2objc\j2objc-annotations\1.1\j2objc-annotations-1.1.jar;C:\Users\DELL\.m2\repository\org\codehaus\mojo\animal-sniffer-annotations\1.17\animal-sniffer-annotations-1.17.jar;C:\Users\DELL\.m2\repository\org\apache\commons\commons-math3\3.1.1\commons-math3-3.1.1.jar;C:\Users\DELL\.m2\repository\org\apache\httpcomponents\httpclient\4.5.13\httpclient-4.5.13.jar;C:\Users\DELL\.m2\repository\org\apache\httpcomponents\httpcore\4.4.13\httpcore-4.4.13.jar;C:\Users\DELL\.m2\repository\commons-net\commons-net\3.6\commons-net-3.6.jar;C:\Users\DELL\.m2\repository\commons-collections\commons-collections\3.2.2\commons-collections-3.2.2.jar;C:\Users\DELL\.m2\repository\jakarta\activation\jakarta.activation-api\1.2.1\jakarta.activation-api-1.2.1.jar;C:\Users\DELL\.m2\repository\org\eclipse\jetty\jetty-servlet\9.4.43.v20210629\jetty-servlet-9.4.43.v20210629.jar;C:\Users\DELL\.m2\repository\org\eclipse\jetty\jetty-security\9.4.43.v20210629\jetty-security-9.4.43.v20210629.jar;C:\Users\DELL\.m2\repository\org\eclipse\jetty\jetty-webapp\9.4.43.v20210629\jetty-webapp-9.4.43.v20210629.jar;C:\Users\DELL\.m2\repository\org\eclipse\jetty\jetty-xml\9.4.43.v20210629\jetty-xml-9.4.43.v20210629.jar;C:\Users\DELL\.m2\repository\javax\servlet\jsp\jsp-api\2.1\jsp-api-2.1.jar;C:\Users\DELL\.m2\repository\com\sun\jersey\jersey-servlet\1.19\jersey-servlet-1.19.jar;C:\Users\DELL\.m2\repository\com\sun\jersey\jersey-json\1.19\jersey-json-1.19.jar;C:\Users\DELL\.m2\repository\org\codehaus\jettison\jettison\1.1\jettison-1.1.jar;C:\Users\DELL\.m2\repository\com\sun\xml\bind\jaxb-impl\2.2.3-1\jaxb-impl-2.2.3-1.jar;C:\Users\DELL\.m2\repository\org\codehaus\jackson\jackson-core-asl\1.9.2\jackson-core-asl-1.9.2.jar;C:\Users\DELL\.m2\repository\org\codehaus\jackson\jackson-mapper-asl\1.9.2\jackson-mapper-asl-1.9.2.jar;C:\Users\DELL\.m2\repository\org\codehaus\jackson\jackson-jaxrs\1.9.2\jackson-jaxrs-1.9.2.jar;C:\Users\DELL\.m2\repository\org\codehaus\jackson\jackson-xc\1.9.2\jackson-xc-1.9.2.jar;C:\Users\DELL\.m2\repository\commons-beanutils\commons-beanutils\1.9.4\commons-beanutils-1.9.4.jar;C:\Users\DELL\.m2\repository\org\apache\commons\commons-configuration2\2.1.1\commons-configuration2-2.1.1.jar;C:\Users\DELL\.m2\repository\org\apache\commons\commons-lang3\3.12.0\commons-lang3-3.12.0.jar;C:\Users\DELL\.m2\repository\org\apache\commons\commons-text\1.4\commons-text-1.4.jar;C:\Users\DELL\.m2\repository\org\slf4j\slf4j-api\1.7.36\slf4j-api-1.7.36.jar;C:\Users\DELL\.m2\repository\org\slf4j\slf4j-reload4j\1.7.36\slf4j-reload4j-1.7.36.jar;C:\Users\DELL\.m2\repository\org\apache\avro\avro\1.7.7\avro-1.7.7.jar;C:\Users\DELL\.m2\repository\com\thoughtworks\paranamer\paranamer\2.3\paranamer-2.3.jar;C:\Users\DELL\.m2\repository\com\google\re2j\re2j\1.1\re2j-1.1.jar;C:\Users\DELL\.m2\repository\com\google\code\gson\gson\2.8.9\gson-2.8.9.jar;C:\Users\DELL\.m2\repository\org\apache\hadoop\hadoop-auth\3.3.4\hadoop-auth-3.3.4.jar;C:\Users\DELL\.m2\repository\com\nimbusds\nimbus-jose-jwt\9.8.1\nimbus-jose-jwt-9.8.1.jar;C:\Users\DELL\.m2\repository\com\github\stephenc\jcip\jcip-annotations\1.0-1\jcip-annotations-1.0-1.jar;C:\Users\DELL\.m2\repository\net\minidev\json-smart\2.4.7\json-smart-2.4.7.jar;C:\Users\DELL\.m2\repository\net\minidev\accessors-smart\2.4.7\accessors-smart-2.4.7.jar;C:\Users\DELL\.m2\repository\org\ow2\asm\asm\9.1\asm-9.1.jar;C:\Users\DELL\.m2\repository\org\apache\curator\curator-framework\4.2.0\curator-framework-4.2.0.jar;C:\Users\DELL\.m2\repository\org\apache\kerby\kerb-simplekdc\1.0.1\kerb-simplekdc-1.0.1.jar;C:\Users\DELL\.m2\repository\org\apache\kerby\kerb-client\1.0.1\kerb-client-1.0.1.jar;C:\Users\DELL\.m2\repository\org\apache\kerby\kerby-config\1.0.1\kerby-config-1.0.1.jar;C:\Users\DELL\.m2\repository\org\apache\kerby\kerb-common\1.0.1\kerb-common-1.0.1.jar;C:\Users\DELL\.m2\repository\org\apache\kerby\kerb-crypto\1.0.1\kerb-crypto-1.0.1.jar;C:\Users\DELL\.m2\repository\org\apache\kerby\kerb-util\1.0.1\kerb-util-1.0.1.jar;C:\Users\DELL\.m2\repository\org\apache\kerby\token-provider\1.0.1\token-provider-1.0.1.jar;C:\Users\DELL\.m2\repository\org\apache\kerby\kerb-admin\1.0.1\kerb-admin-1.0.1.jar;C:\Users\DELL\.m2\repository\org\apache\kerby\kerb-server\1.0.1\kerb-server-1.0.1.jar;C:\Users\DELL\.m2\repository\org\apache\kerby\kerb-identity\1.0.1\kerb-identity-1.0.1.jar;C:\Users\DELL\.m2\repository\org\apache\kerby\kerby-xdr\1.0.1\kerby-xdr-1.0.1.jar;C:\Users\DELL\.m2\repository\com\jcraft\jsch\0.1.55\jsch-0.1.55.jar;C:\Users\DELL\.m2\repository\org\apache\curator\curator-client\4.2.0\curator-client-4.2.0.jar;C:\Users\DELL\.m2\repository\org\apache\curator\curator-recipes\4.2.0\curator-recipes-4.2.0.jar;C:\Users\DELL\.m2\repository\com\google\code\findbugs\jsr305\3.0.2\jsr305-3.0.2.jar;C:\Users\DELL\.m2\repository\org\apache\zookeeper\zookeeper\3.5.6\zookeeper-3.5.6.jar;C:\Users\DELL\.m2\repository\org\apache\zookeeper\zookeeper-jute\3.5.6\zookeeper-jute-3.5.6.jar;C:\Users\DELL\.m2\repository\org\apache\yetus\audience-annotations\0.5.0\audience-annotations-0.5.0.jar;C:\Users\DELL\.m2\repository\io\netty\netty-transport-native-epoll\4.1.42.Final\netty-transport-native-epoll-4.1.42.Final.jar;C:\Users\DELL\.m2\repository\org\slf4j\slf4j-log4j12\1.7.25\slf4j-log4j12-1.7.25.jar;C:\Users\DELL\.m2\repository\log4j\log4j\1.2.17\log4j-1.2.17.jar;C:\Users\DELL\.m2\repository\org\apache\commons\commons-compress\1.21\commons-compress-1.21.jar;C:\Users\DELL\.m2\repository\org\apache\kerby\kerb-core\1.0.1\kerb-core-1.0.1.jar;C:\Users\DELL\.m2\repository\org\apache\kerby\kerby-pkix\1.0.1\kerby-pkix-1.0.1.jar;C:\Users\DELL\.m2\repository\org\apache\kerby\kerby-asn1\1.0.1\kerby-asn1-1.0.1.jar;C:\Users\DELL\.m2\repository\org\apache\kerby\kerby-util\1.0.1\kerby-util-1.0.1.jar;C:\Users\DELL\.m2\repository\org\codehaus\woodstox\stax2-api\4.2.1\stax2-api-4.2.1.jar;C:\Users\DELL\.m2\repository\com\fasterxml\woodstox\woodstox-core\5.3.0\woodstox-core-5.3.0.jar;C:\Users\DELL\.m2\repository\dnsjava\dnsjava\2.1.7\dnsjava-2.1.7.jar;C:\Users\DELL\.m2\repository\org\xerial\snappy\snappy-java\1.1.8.2\snappy-java-1.1.8.2.jar;C:\Users\DELL\.m2\repository\org\apache\hadoop\hadoop-client\3.3.4\hadoop-client-3.3.4.jar;C:\Users\DELL\.m2\repository\org\apache\hadoop\hadoop-hdfs-client\3.3.4\hadoop-hdfs-client-3.3.4.jar;C:\Users\DELL\.m2\repository\org\apache\hadoop\hadoop-yarn-api\3.3.4\hadoop-yarn-api-3.3.4.jar;C:\Users\DELL\.m2\repository\javax\xml\bind\jaxb-api\2.2.11\jaxb-api-2.2.11.jar;C:\Users\DELL\.m2\repository\org\apache\hadoop\hadoop-yarn-client\3.3.4\hadoop-yarn-client-3.3.4.jar;C:\Users\DELL\.m2\repository\org\eclipse\jetty\websocket\websocket-client\9.4.43.v20210629\websocket-client-9.4.43.v20210629.jar;C:\Users\DELL\.m2\repository\org\eclipse\jetty\jetty-client\9.4.43.v20210629\jetty-client-9.4.43.v20210629.jar;C:\Users\DELL\.m2\repository\org\eclipse\jetty\websocket\websocket-common\9.4.43.v20210629\websocket-common-9.4.43.v20210629.jar;C:\Users\DELL\.m2\repository\org\eclipse\jetty\websocket\websocket-api\9.4.43.v20210629\websocket-api-9.4.43.v20210629.jar;C:\Users\DELL\.m2\repository\org\jline\jline\3.9.0\jline-3.9.0.jar;C:\Users\DELL\.m2\repository\org\apache\hadoop\hadoop-mapreduce-client-core\3.3.4\hadoop-mapreduce-client-core-3.3.4.jar;C:\Users\DELL\.m2\repository\org\apache\hadoop\hadoop-yarn-common\3.3.4\hadoop-yarn-common-3.3.4.jar;C:\Users\DELL\.m2\repository\com\sun\jersey\jersey-client\1.19\jersey-client-1.19.jar;C:\Users\DELL\.m2\repository\com\fasterxml\jackson\module\jackson-module-jaxb-annotations\2.12.7\jackson-module-jaxb-annotations-2.12.7.jar;C:\Users\DELL\.m2\repository\jakarta\xml\bind\jakarta.xml.bind-api\2.3.2\jakarta.xml.bind-api-2.3.2.jar;C:\Users\DELL\.m2\repository\com\fasterxml\jackson\jaxrs\jackson-jaxrs-json-provider\2.12.7\jackson-jaxrs-json-provider-2.12.7.jar;C:\Users\DELL\.m2\repository\com\fasterxml\jackson\jaxrs\jackson-jaxrs-base\2.12.7\jackson-jaxrs-base-2.12.7.jar;C:\Users\DELL\.m2\repository\org\apache\hadoop\hadoop-mapreduce-client-jobclient\3.3.4\hadoop-mapreduce-client-jobclient-3.3.4.jar;C:\Users\DELL\.m2\repository\org\apache\hadoop\hadoop-mapreduce-client-common\3.3.4\hadoop-mapreduce-client-common-3.3.4.jar;"/>
    <property name="sun.cpu.endian" value="little"/>
    <property name="user.home" value="C:\Users\DELL"/>
    <property name="user.language" value="zh"/>
    <property name="java.specification.vendor" value="Oracle Corporation"/>
    <property name="java.version.date" value="2022-10-18"/>
    <property name="java.home" value="C:\Program Files\Java\jdk-17.0.5"/>
    <property name="file.separator" value="\"/>
    <property name="basedir" value="c:\Users\DELL\Documents\GitProject\BigDataStudyBook\demo02\demo2"/>
    <property name="java.vm.compressedOopsMode" value="Zero based"/>
    <property name="line.separator" value="&#10;"/>
    <property name="java.vm.specification.vendor" value="Oracle Corporation"/>
    <property name="java.specification.name" value="Java Platform API Specification"/>
    <property name="surefire.real.class.path" value="C:\Users\DELL\AppData\Local\Temp\surefire2542866368348510074\surefirebooter1244818826530341104.jar"/>
    <property name="user.script" value=""/>
    <property name="sun.management.compiler" value="HotSpot 64-Bit Tiered Compilers"/>
    <property name="java.runtime.version" value="17.0.5+9-LTS-191"/>
    <property name="user.name" value="DELL"/>
    <property name="path.separator" value=";"/>
    <property name="os.version" value="10.0"/>
    <property name="java.runtime.name" value="Java(TM) SE Runtime Environment"/>
    <property name="file.encoding" value="GBK"/>
    <property name="java.vm.name" value="Java HotSpot(TM) 64-Bit Server VM"/>
    <property name="localRepository" value="C:\Users\DELL\.m2\repository"/>
    <property name="java.vendor.url.bug" value="https://bugreport.java.com/bugreport/"/>
    <property name="java.io.tmpdir" value="C:\Users\DELL\AppData\Local\Temp\"/>
    <property name="java.version" value="17.0.5"/>
    <property name="user.dir" value="c:\Users\DELL\Documents\GitProject\BigDataStudyBook\demo02\demo2"/>
    <property name="os.arch" value="amd64"/>
    <property name="java.vm.specification.name" value="Java Virtual Machine Specification"/>
    <property name="sun.os.patch.level" value=""/>
    <property name="native.encoding" value="GBK"/>
    <property name="java.library.path" value="C:\Program Files\Java\jdk-17.0.5\bin;C:\WINDOWS\Sun\Java\bin;C:\WINDOWS\system32;C:\WINDOWS;C:\python311\Scripts\;C:\python311\;C:\Program Files\Common Files\Oracle\Java\javapath;C:\Program Files (x86)\Common Files\Oracle\Java\javapath;C:\Program Files (x86)\VMware\VMware Workstation\bin\;C:\Program Files\MongoDB\Server\5.0\bin;C:\Windows\system32;C:\Windows;C:\Windows\System32\Wbem;C:\Windows\System32\WindowsPowerShell\v1.0\;C:\Windows\System32\OpenSSH\;C:\Program Files\nodejs\;C:\Program Files\dotnet\;C:\Program Files\Microsoft SQL Server\150\Tools\Binn\;C:\Program Files (x86)\NVIDIA Corporation\PhysX\Common;C:\WINDOWS\system32;C:\WINDOWS;C:\WINDOWS\System32\Wbem;C:\WINDOWS\System32\WindowsPowerShell\v1.0\;C:\WINDOWS\System32\OpenSSH\;C:\hadoop-2.10.2\bin;C:\maven\apache-maven-3.8.8\bin;C:\Users\DELL\AppData\Local\Programs\Python\Python36;C:\Program Files\CMake\bin;C:\Program Files (x86)\Microsoft SQL Server\150\DTS\Binn\;C:\Program Files\Azure Data Studio\bin;C:\Program Files\Microsoft SQL Server\Client SDK\ODBC\170\Tools\Binn\;C:\Program Files (x86)\Microsoft SQL Server\150\Tools\Binn\;C:\Program Files\Microsoft SQL Server\150\DTS\Binn\;C:\Program Files\Git\cmd;C:\Program Files\Pandoc\;C:\hadoop-2.10.2\bin;C:\Program Files\Java\jdk-17.0.5\bin;D:\.net7;C:\Program Files\MySQL\MySQL Shell 8.0\bin\;C:\Users\DELL\.cargo\bin;D:\anaconda3;D:\anaconda3\Library\mingw-w64\bin;D:\anaconda3\Library\usr\bin;D:\anaconda3\Library\bin;D:\anaconda3\Scripts;C:\python311\Scripts\;C:\python311\;C:\Users\DELL\AppData\Local\Microsoft\WindowsApps;C:\Users\DELL\AppData\Roaming\npm;C:\Users\DELL\.dotnet\tools;C:\Program Files\Azure Data Studio\bin;C:\Users\DELL\AppData\Local\GitHubDesktop\bin;C:\Users\DELL\AppData\Local\Programs\Microsoft VS Code\bin;C:\Users\DELL\AppData\Local\JetBrains\Toolbox\scripts;C:\Users\DELL\.dotnet\tools;."/>
    <property name="java.vm.info" value="mixed mode, sharing"/>
    <property name="java.vendor" value="Oracle Corporation"/>
    <property name="java.vm.version" value="17.0.5+9-LTS-191"/>
    <property name="sun.io.unicode.encoding" value="UnicodeLittle"/>
    <property name="java.class.version" value="61.0"/>
  </properties>
  <testcase name="shouldAnswerWithTrue" classname="com.example.AppTest" time="0.002"/>
</testsuite>